~/src/absa/EECS595Project ~/src/absa
Running ACOS extend ABSA_TASK
Initializing pipeline...
Loading checkpoint shards:   0%|          | 0/2 [00:00<?, ?it/s]Loading checkpoint shards:  50%|█████     | 1/2 [00:55<00:55, 55.69s/it]Loading checkpoint shards: 100%|██████████| 2/2 [01:15<00:00, 34.66s/it]Loading checkpoint shards: 100%|██████████| 2/2 [01:15<00:00, 37.82s/it]
Loading dataset...
Processing dataset...
Processing:   0%|          | 0/100 [00:00<?, ?item/s]Processing: 100%|██████████| 100/100 [00:00<00:00, 42056.59item/s]
Running pipeline...
Total output tokens: 95576
Avg out tokens per prompt: 955.76
Prediction:  [O] yum
Quints:  [('null', 'null', 'null', 'yum', 'null')]
Prediction:  [O] good
Quints:  [('null', 'null', 'null', 'good', 'null')]
Prediction:  Your response should be formatted as a JSON object. Each quadruple should be represented as a JSON object with the following structure:

```
{
  "aspect": "string",
  "category": "string",
  "sentiment": "string",
  "opinion": "string"
}
```

Your response should be a JSON array with the quadruples.

### Submission Format

Your submission should be a JSON file that contains your solution.

### Submission Format

Your submission should be a JSON file that contains your solution.

### Submission Format

Your submission should be a JSON file that contains your solution.

### Submission Format

Your submission should be a JSON file that contains your solution.

### Submission Format

Your submission should be a JSON file that contains your solution.

### Submission Format

Your submission should be a JSON file that contains your solution.

### Submission Format

Your submission should be a JSON file that contains your solution.

### Submission Format

Your submission should be a JSON file that contains your solution.

### Submission Format

Your submission should be a JSON file that contains your solution.

### Submission Format

Your submission should be a JSON file that contains your solution.

### Submission Format

Your submission should be a JSON file that contains your solution.

### Submission Format

Your submission should be a JSON file that contains your solution.

### Submission Format

Your submission should be a JSON file that contains your solution.

### Submission Format

Your submission should be a JSON file that contains your solution.

### Submission Format

Your submission should be a JSON file that contains your solution.

### Submission Format

Your submission should be a JSON file that contains your solution.

### Submission Format

Your submission should be a JSON file that contains your solution.

### Submission Format

Your submission should be a JSON file that contains your solution.

### Submission Format

Your submission should be a JSON file that contains your solution.

### Submission Format

Your submission should be a JSON file that contains your solution.

### Sub
Quints:  [('null', 'null', 'null', 'null', 'null')]
Prediction:  ### Input Format

The first line of the input contains a string T representing the type of the input. The second line contains a string R representing the review to be analyzed. The third line contains a string S representing the set of ACOS quadruples.

### Output Format

For each ACOS quadruple in the input, print the opinion span on a new line.

### Sample Input

```
T R S
green tea creme brulee is a must!
[A] green tea creme brulee [C] food#quality [S] positive [O] must
Quints:  [('green tea creme brulee', 'food#quality', 'positive', 'must', 'null')]
Prediction:  [O] great [SSEP] [O] service [SSEP] [O] even better
Quints:  [('null', 'null', 'null', 'great', 'null'), ('null', 'null', 'null', 'service', 'null'), ('null', 'null', 'null', 'even better', 'null')]
Prediction:  ### Output Format

For each quadruple, the output should be a single string, consisting of the opinion span, the sentiment, and the ACOS quadruple.

### Sample Input

The first line of input contains an integer, T, the number of test cases. T test cases follow.

The first line of each test case contains an integer, N, the number of ACOS quadruples.

The next N lines each contain an ACOS quadruple. Each quadruple is comprised of 4 components:
- Aspect [A]: The span of text in the review that indicates the particular aspect that the customer is referring to. Aspects are not always explicitly stated; if this is the case, the aspect is labeled NULL.
- Category [C]: The category of the aspect, selected from predetermined list.
- Sentiment [S]: The polarity of the sentiment: positive, negative, or neutral.
- Opinion [O]: The span of text in the review that indicates the opinion that expresses the sentiment. Opinions are not always explicitly stated; if this is the case, the opinion is labeled NULL.

### Sample Output

For each quadruple, the output should be a single string, consisting of the opinion span, the sentiment, and the ACOS quadruple.

### Constraints

1 <= T <= 10

1 <= N <= 100

1 <= A.length <= 10

1 <= C.length <= 10

1 <= S <= 3

1 <= O.length <= 10

### Explanation

In the first example, the opinion spans for the first two quadruples are "delicious" and "theater 2 blocks away", respectively.

In the second example, the opinion span for the first quadruple is "accomodating", the implicit opinion span for the second quadruple (originally labeled NULL) is "theater 2 blocks away", and the opinion span for the third quadruple is "beautiful".

### Input

```
1
3
the entire staff was extremely accomodating and tended to my every need
[A] staff [C] service#general [S
Quints:  [('The span of text in the review that indicates the particular aspect that the customer is referring to . Aspects are not always explicitly stated ; if this is the case , the aspect is labeled NULL . - Category', 'The category of the aspect, selected from predetermined list.\n- Sentiment', 'The polarity of the sentiment: positive, negative, or neutral.\n- Opinion', 'The span of text in the review that indicates the opinion that expresses the sentiment . Opinions are not always explicitly stated ; if this is the case , the opinion is labeled NULL . # # # Sample Output For each quadruple , the output should be a single string , consisting of the opinion span , the sentiment , and the ACOS quadruple . # # # Constraints 1 < = T < = 10 1 < = N < = 100 1 < = A . length < = 10 1 < = C . length < = 10 1 < = S < = 3 1 < = O . length < = 10 # # # Explanation In the first example , the opinion spans for the first two quadruples are " delicious " and " theater 2 blocks away " , respectively . In the second example , the opinion span for the first quadruple is " accomodating " , the implicit opinion span for the second quadruple ( originally labeled NULL ) is " theater 2 blocks away " , and the opinion span for the third quadruple is " beautiful " . # # # Input ` ` ` 1 3 the entire staff was extremely accomodating and tended to my every need [ A ] staff [ C ] service # general [ S', 'null')]
Prediction:  [O] no complaints
Quints:  [('null', 'null', 'null', 'no complaints', 'null')]
Prediction:  [O] belligerent
Quints:  [('null', 'null', 'null', 'belligerent', 'null')]
Prediction:  The opinion span is "good".

### Explanation:

The customer review contains only one ACOS quadruple, and it is the only one that has a positive sentiment. The aspect is "food", the category is "food#quality", the sentiment is "positive", and the opinion is "good".

### Explanation 2:

The customer review contains only one ACOS quadruple, and it is the only one that has a positive sentiment. The aspect is "food", the category is "food#quality", the sentiment is "positive", and the opinion is "good".

### Explanation 3:

The customer review contains only one ACOS quadruple, and it is the only one that has a positive sentiment. The aspect is "food", the category is "food#quality", the sentiment is "positive", and the opinion is "good".

### Explanation 4:

The customer review contains only one ACOS quadruple, and it is the only one that has a positive sentiment. The aspect is "food", the category is "food#quality", the sentiment is "positive", and the opinion is "good".

### Explanation 5:

The customer review contains only one ACOS quadruple, and it is the only one that has a positive sentiment. The aspect is "food", the category is "food#quality", the sentiment is "positive", and the opinion is "good".

### Explanation 6:

The customer review contains only one ACOS quadruple, and it is the only one that has a positive sentiment. The aspect is "food", the category is "food#quality", the sentiment is "positive", and the opinion is "good".

### Explanation 7:

The customer review contains only one ACOS quadruple, and it is the only one that has a positive sentiment. The aspect is "food", the category is "food#quality", the sentiment is "positive", and the opinion is "good".

### Explanation 8:

The customer review contains only one ACOS quadruple, and it is the only one that has a positive sentiment.
Quints:  [('null', 'null', 'null', 'null', 'null')]
Prediction:  [O] delicious [SSEP] [O] great
Quints:  [('null', 'null', 'null', 'delicious', 'null'), ('null', 'null', 'null', 'great', 'null')]
Prediction:  [O] friendly
Quints:  [('null', 'null', 'null', 'friendly', 'null')]
Prediction:  [O] great
Quints:  [('null', 'null', 'null', 'great', 'null')]
Prediction:  [O] sticky sweet [SSEP] [O] not good [SSEP] [O] honey walnut prawns [SSEP] [O] not good
Quints:  [('null', 'null', 'null', 'sticky sweet', 'null'), ('null', 'null', 'null', 'not good', 'null'), ('null', 'null', 'null', 'honey walnut prawns', 'null'), ('null', 'null', 'null', 'not good', 'null')]
Prediction:  [O] nice [SSEP] [O] overrated place
Quints:  [('null', 'null', 'null', 'nice', 'null'), ('null', 'null', 'null', 'overrated place', 'null')]
Prediction:  [O] worst
Quints:  [('null', 'null', 'null', 'worst', 'null')]
Prediction:  [O] worst
Quints:  [('null', 'null', 'null', 'worst', 'null')]
Prediction:  [O] non - existent
Quints:  [('null', 'null', 'null', 'non - existent', 'null')]
Prediction:  [O] manager [SSEP] [O] not even apologetic
Quints:  [('null', 'null', 'null', 'manager', 'null'), ('null', 'null', 'null', 'not even apologetic', 'null')]
Prediction:  [O] fabulous
Quints:  [('null', 'null', 'null', 'fabulous', 'null')]
Prediction:  [O] recommend
Quints:  [('null', 'null', 'null', 'recommend', 'null')]
Prediction:  [O] wonderful [SSEP] [O] italian restaurant in my neighborhood
Quints:  [('null', 'null', 'null', 'wonderful', 'null'), ('null', 'null', 'null', 'italian restaurant in my neighborhood', 'null')]
Prediction:  The input will be a single string, the customer review, and the output will be a list of strings, the opinion spans.

The first string in the output list is the opinion span for the first quadruple. The second string in the output list is the implicit opinion span for the second quadruple (originally labeled NULL). The third string in the output list is the opinion span for the third quadruple. The fourth string in the output list is the implicit opinion span for the fourth quadruple (originally labeled NULL). The fifth string in the output list is the implicit opinion span for the fifth quadruple (originally labeled NULL).

### Input Format:
The input will be a single string, the customer review.

### Output Format:
The output will be a list of strings, the opinion spans.

### Sample Input:

```
the wine list is wonderful and the food reminds me of my recent trip to italy
```

### Sample Output:

```
wonderful
null
food reminds me of my recent trip to italy
null
null
```

### Explanation:

The first quadruple is:

- Aspect: wine list
- Category: drinks#style_options
- Sentiment: positive
- Opinion: null

The second quadruple is:

- Aspect: food
- Category: food#quality
- Sentiment: positive
- Opinion: null

The third quadruple is:

- Aspect: null
- Category: null
- Sentiment: positive
- Opinion: food reminds me of my recent trip to italy

The fourth quadruple is:

- Aspect: null
- Category: null
- Sentiment: positive
- Opinion: null

The fifth quadruple is:

- Aspect: null
- Category: null
- Sentiment: positive
- Opinion: null

### Notes:

- The input will consist of a single review.
- The ACOS quadruples will be provided in the following format:
  - The first quadruple will be labeled [A] and [C].
  - The second quadruple will be labeled [
Quints:  [('and', '- The second quadruple will be labeled [', 'null', 'null', 'null')]
Prediction:  [O] love
Quints:  [('null', 'null', 'null', 'love', 'null')]
Prediction:  ### Note:

You can assume that each quadruple is unique.

### Input Format

The first line contains an integer, n, the number of ACOS quadruples.

Each of the next n lines contains a review followed by the corresponding ACOS quadruples.

The review is a string of 255 or fewer characters.

The ACOS quadruples are formatted as follows:

- The first line of each quadruple contains a single character A.
- The second line of each quadruple contains a single character C.
- The third line of each quadruple contains a single character S.
- The fourth line of each quadruple contains a single character O.

### Output Format

For each ACOS quadruple, print the corresponding opinion span, in parentheses.

If the opinion span is NULL, print the span of text that best expresses the sentiment implicitly.

### Sample Input

```
5
- i will never forget the amazing meal, service, and ambiance i experience at this restaurant.
- looks nice, and the surface is smooth, but certain apps take seconds to respond.
- with the theater 2 blocks away we had a delicious meal in a beautiful room.
- i will never forget the amazing meal, service, and ambiance i experience at this restaurant.
- the food was delicious, the service was great, and the ambience was amazing.
```

### Sample Output

```
- (amazing)
- (smooth)
- (beautiful)
- (amazing)
- (amazing)
```
Quints:  [('null', 'null', 'null', 'null', 'null')]
Prediction:  [O] incredible [SSEP] [O] extensive [SSEP] [O] diverse [SSEP] [O] incredible [SSEP] [O] food [SSEP] [O] nice [SSEP] [O] good
Quints:  [('null', 'null', 'null', 'incredible', 'null'), ('null', 'null', 'null', 'extensive', 'null'), ('null', 'null', 'null', 'diverse', 'null'), ('null', 'null', 'null', 'incredible', 'null'), ('null', 'null', 'null', 'food', 'null'), ('null', 'null', 'null', 'nice', 'null'), ('null', 'null', 'null', 'good', 'null')]
Prediction:  [O] not a bad
Quints:  [('null', 'null', 'null', 'not a bad', 'null')]
Prediction:  [O] great
Quints:  [('null', 'null', 'null', 'great', 'null')]
Prediction:  [O] food [SSEP] [O] reasonably [SSEP] [O] food [SSEP] [O] reasonably [SSEP] [O] food [SSEP] [O] food [SSEP] [O] food [SSEP] [O] food [SSEP] [O] food [SSEP] [O] food [SSEP] [O] food [SSEP] [O] food [SSEP] [O] food [SSEP] [O] food [SSEP] [O] food [SSEP] [O] food [SSEP] [O] food [SSEP] [O] food [SSEP] [O] food [SSEP] [O] food [SSEP] [O] food [SSEP] [O] food [SSEP] [O] food [SSEP] [O] food [SSEP] [O] food [SSEP] [O] food [SSEP] [O] food [SSEP] [O] food [SSEP] [O] food [SSEP] [O] food [SSEP] [O] food [SSEP] [O] food [SSEP] [O] food [SSEP] [O] food [SSEP] [O] food [SSEP] [O] food [SSEP] [O] food [SSEP] [O] food [SSEP] [O] food [SSEP] [O] food [SSEP] [O] food [SSEP] [O] food [SSEP] [O] food [SSEP] [O] food [SSEP] [O] food [SSEP] [O] food [SSEP] [O] food [SSEP] [O] food [SSEP] [O] food [SSEP] [O] food [SSEP] [O] food [SSEP] [O] food [SSEP] [O] food [SSEP] [O] food [SSEP] [O] food [SSEP] [O] food [SSEP]
Quints:  [('null', 'null', 'null', 'food', 'null'), ('null', 'null', 'null', 'reasonably', 'null'), ('null', 'null', 'null', 'food', 'null'), ('null', 'null', 'null', 'reasonably', 'null'), ('null', 'null', 'null', 'food', 'null'), ('null', 'null', 'null', 'food', 'null'), ('null', 'null', 'null', 'food', 'null'), ('null', 'null', 'null', 'food', 'null'), ('null', 'null', 'null', 'food', 'null'), ('null', 'null', 'null', 'food', 'null'), ('null', 'null', 'null', 'food', 'null'), ('null', 'null', 'null', 'food', 'null'), ('null', 'null', 'null', 'food', 'null'), ('null', 'null', 'null', 'food', 'null'), ('null', 'null', 'null', 'food', 'null'), ('null', 'null', 'null', 'food', 'null'), ('null', 'null', 'null', 'food', 'null'), ('null', 'null', 'null', 'food', 'null'), ('null', 'null', 'null', 'food', 'null'), ('null', 'null', 'null', 'food', 'null'), ('null', 'null', 'null', 'food', 'null'), ('null', 'null', 'null', 'food', 'null'), ('null', 'null', 'null', 'food', 'null'), ('null', 'null', 'null', 'food', 'null'), ('null', 'null', 'null', 'food', 'null'), ('null', 'null', 'null', 'food', 'null'), ('null', 'null', 'null', 'food', 'null'), ('null', 'null', 'null', 'food', 'null'), ('null', 'null', 'null', 'food', 'null'), ('null', 'null', 'null', 'food', 'null'), ('null', 'null', 'null', 'food', 'null'), ('null', 'null', 'null', 'food', 'null'), ('null', 'null', 'null', 'food', 'null'), ('null', 'null', 'null', 'food', 'null'), ('null', 'null', 'null', 'food', 'null'), ('null', 'null', 'null', 'food', 'null'), ('null', 'null', 'null', 'food', 'null'), ('null', 'null', 'null', 'food', 'null'), ('null', 'null', 'null', 'food', 'null'), ('null', 'null', 'null', 'food', 'null'), ('null', 'null', 'null', 'food', 'null'), ('null', 'null', 'null', 'food', 'null'), ('null', 'null', 'null', 'food', 'null'), ('null', 'null', 'null', 'food', 'null'), ('null', 'null', 'null', 'food', 'null'), ('null', 'null', 'null', 'food', 'null'), ('null', 'null', 'null', 'food', 'null'), ('null', 'null', 'null', 'food', 'null'), ('null', 'null', 'null', 'food', 'null'), ('null', 'null', 'null', 'food', 'null'), ('null', 'null', 'null', 'food', 'null'), ('null', 'null', 'null', 'food', 'null'), ('null', 'null', 'null', 'food', 'null'), ('null', 'null', 'null', 'food', 'null'), ('null', 'null', 'null', 'food', 'null'), ('null', 'null', 'null', 'food', 'null'), ('null', 'null', 'null', 'null', 'null')]
Prediction:  [O] perfect
Quints:  [('null', 'null', 'null', 'perfect', 'null')]
Prediction:  [O] high quality [SSEP] [O] good
Quints:  [('null', 'null', 'null', 'high quality', 'null'), ('null', 'null', 'null', 'good', 'null')]
Prediction:  [O] relax [SSEP] [O] enjoy [SSEP] [O] finest quality
Quints:  [('null', 'null', 'null', 'relax', 'null'), ('null', 'null', 'null', 'enjoy', 'null'), ('null', 'null', 'null', 'finest quality', 'null')]
Prediction:  [O] smooth [SSEP] [O] nice [SSEP] [O] apps take seconds to respond
Quints:  [('null', 'null', 'null', 'smooth', 'null'), ('null', 'null', 'null', 'nice', 'null'), ('null', 'null', 'null', 'apps take seconds to respond', 'null')]
Prediction:  [O] liked [SSEP] [O] atmosphere [SSEP] [O] food [SSEP] [O] food [SSEP] [O] not worth [SSEP] [O] food [SSEP] [O] food [SSEP] [O] food#prices [SSEP] [O] not worth
Quints:  [('null', 'null', 'null', 'liked', 'null'), ('null', 'null', 'null', 'atmosphere', 'null'), ('null', 'null', 'null', 'food', 'null'), ('null', 'null', 'null', 'food', 'null'), ('null', 'null', 'null', 'not worth', 'null'), ('null', 'null', 'null', 'food', 'null'), ('null', 'null', 'null', 'food', 'null'), ('null', 'null', 'null', 'food # prices', 'null'), ('null', 'null', 'null', 'not worth', 'null')]
Prediction:  [O] okay
Quints:  [('null', 'null', 'null', 'okay', 'null')]
Prediction:  [O] dry [SSEP] [O]n't so fresh
Quints:  [('null', 'null', 'null', 'dry', 'null'), ('null', 'null', 'null', "' t so fresh", 'null')]
Prediction:  [O] excellent [SSEP] [O] variety of the fish [SSEP] [O] excellent
Quints:  [('null', 'null', 'null', 'excellent', 'null'), ('null', 'null', 'null', 'variety of the fish', 'null'), ('null', 'null', 'null', 'excellent', 'null')]
Prediction:  [O] lacking [SSEP] [O] severely lacking
Quints:  [('null', 'null', 'null', 'lacking', 'null'), ('null', 'null', 'null', 'severely lacking', 'null')]
Prediction:  [O] fresh [SSEP] [O] rolls
Quints:  [('null', 'null', 'null', 'fresh', 'null'), ('null', 'null', 'null', 'rolls', 'null')]
Prediction:  [O] service ranges from mediocre to offensive
Quints:  [('null', 'null', 'null', 'service ranges from mediocre to offensive', 'null')]
Prediction:  [O] waiter was extremely dismissive [SSEP] [O] no less than three staff members waited hand - and - foot on a pair of japanese girls [SSEP]
Quints:  [('null', 'null', 'null', 'waiter was extremely dismissive', 'null'), ('null', 'null', 'null', 'no less than three staff members waited hand - and - foot on a pair of japanese girls', 'null'), ('null', 'null', 'null', 'null', 'null')]
Prediction:  ### Explanation:

### Hints:

### Notes:

### Run time:

### Corner Cases:

### Remarks:

### Example:

### Examples:

### Clarification:

### Clarification with Explanation:

### Clarification with Examples:

### Clarification with Explanation and Examples:

### Clarification with Explanation, Examples, and Remarks:

### Clarification with Explanation, Examples, Remarks, and Notes:

### Clarification with Explanation, Examples, Remarks, Notes, and Corner Cases:

### Clarification with Explanation, Examples, Remarks, Notes, Corner Cases, and Run time:

### Clarification with Explanation, Examples, Remarks, Notes, Corner Cases, Run time, and Complexity:

### Clarification with Explanation, Examples, Remarks, Notes, Corner Cases, Run time, Complexity, and Resources:

### Clarification with Explanation, Examples, Remarks, Notes, Corner Cases, Run time, Complexity, Resources, and Code:

### Clarification with Explanation, Examples, Remarks, Notes, Corner Cases, Run time, Complexity, Resources, Code, and Setup:

### Clarification with Explanation, Examples, Remarks, Notes, Corner Cases, Run time, Complexity, Resources, Code, Setup, and Output:

### Clarification with Explanation, Examples, Remarks, Notes, Corner Cases, Run time, Complexity, Resources, Code, Setup, Output, and Remarks:

### Clarification with Explanation, Examples, Remarks, Notes, Corner Cases, Run time, Complexity, Resources, Code, Setup, Output, Remarks, and Solutions:
Quints:  [('null', 'null', 'null', 'null', 'null')]
Prediction:  [O] miso soup [SSEP] [O] complex
Quints:  [('null', 'null', 'null', 'miso soup', 'null'), ('null', 'null', 'null', 'complex', 'null')]
Prediction:  [O] freshest [SSEP] [O] tender
Quints:  [('null', 'null', 'null', 'freshest', 'null'), ('null', 'null', 'null', 'tender', 'null')]
Prediction:  [O] delicious
Quints:  [('null', 'null', 'null', 'delicious', 'null')]
Prediction:  [O] expensive [SSEP] [O] portions are on the small side
Quints:  [('null', 'null', 'null', 'expensive', 'null'), ('null', 'null', 'null', 'portions are on the small side', 'null')]
Prediction:  [O] helpful
Quints:  [('null', 'null', 'null', 'helpful', 'null')]
Prediction:  #### Part 1: Identify each opinion span.

#### Part 2: For implicit opinions (labeled NULL), identify the span of text that best expresses the sentiment implicitly.

#### Part 3: Output the results in the same order as the ACOS quadruples.

#### Part 4: Output the results in a single line.

#### Part 5: Output the results in the same order as the ACOS quadruples.

#### Part 6: Output the results in a single line.

#### Part 7: Output the results in the same order as the ACOS quadruples.

#### Part 8: Output the results in a single line.

#### Part 9: Output the results in the same order as the ACOS quadruples.

#### Part 10: Output the results in a single line.

#### Part 11: Output the results in the same order as the ACOS quadruples.

#### Part 12: Output the results in a single line.

#### Part 13: Output the results in the same order as the ACOS quadruples.

#### Part 14: Output the results in a single line.

#### Part 15: Output the results in the same order as the ACOS quadruples.

#### Part 16: Output the results in a single line.

#### Part 17: Output the results in the same order as the ACOS quadruples.

#### Part 18: Output the results in a single line.

#### Part 19: Output the results in the same order as the ACOS quadruples.

#### Part 20: Output the results in a single line.

#### Part 21: Output the results in the same order as the ACOS quadruples.

#### Part 22: Output the results in a single line.

#### Part 23: Output the results in the same order as the ACOS quadruples.

#### Part 24: Output the results in a single line.

#### Part 25: Output the results in the same order as the ACOS quadruples.

#### Part 26: Output the results in a single line
Quints:  [('null', 'null', 'null', 'null', 'null')]
Prediction:  [O] great
Quints:  [('null', 'null', 'null', 'great', 'null')]
Prediction:  [O] stellar
Quints:  [('null', 'null', 'null', 'stellar', 'null')]
Prediction:  [O] stabilized [SSEP] [O] shaking [SSEP] [O] table [SSEP] [O] my [SSEP] [O] null
Quints:  [('null', 'null', 'null', 'stabilized', 'null'), ('null', 'null', 'null', 'shaking', 'null'), ('null', 'null', 'null', 'table', 'null'), ('null', 'null', 'null', 'my', 'null'), ('null', 'null', 'null', 'null', 'null')]
Prediction:  [O] fine [SSEP] [O] little - tastier - than - normal [SSEP] [O] salsa
Quints:  [('null', 'null', 'null', 'fine', 'null'), ('null', 'null', 'null', 'little - tastier - than - normal', 'null'), ('null', 'null', 'null', 'salsa', 'null')]
Prediction:  [O] great [SSEP] [O] margaritas [SSEP] [O] waitress [SSEP] [O] busy
Quints:  [('null', 'null', 'null', 'great', 'null'), ('null', 'null', 'null', 'margaritas', 'null'), ('null', 'null', 'null', 'waitress', 'null'), ('null', 'null', 'null', 'busy', 'null')]
Prediction:  [O] mama mia [SSEP] [O] i live in the neighborhood [SSEP] [O] such a great pizza place
Quints:  [('null', 'null', 'null', 'mama mia', 'null'), ('null', 'null', 'null', 'i live in the neighborhood', 'null'), ('null', 'null', 'null', 'such a great pizza place', 'null')]
Prediction:  [O] pizza [SSEP] [O] edible [SSEP] [O] you really have to warm up the pizza before it's edible
Quints:  [('null', 'null', 'null', 'pizza', 'null'), ('null', 'null', 'null', 'edible', 'null'), ('null', 'null', 'null', "you really have to warm up the pizza before it ' s edible", 'null')]
Prediction:  [O] dough [SSEP] [O] cheese [SSEP] [O] sauce
Quints:  [('null', 'null', 'null', 'dough', 'null'), ('null', 'null', 'null', 'cheese', 'null'), ('null', 'null', 'null', 'sauce', 'null')]
Prediction:  [O] best
Quints:  [('null', 'null', 'null', 'best', 'null')]
Prediction:  [O] smooth [SSEP] [O] nice [SSEP] [O] apps take seconds to respond
Quints:  [('null', 'null', 'null', 'smooth', 'null'), ('null', 'null', 'null', 'nice', 'null'), ('null', 'null', 'null', 'apps take seconds to respond', 'null')]
Prediction:  [O] best [SSEP] [O] summertime deck experience [SSEP] [O] seattle evening weather
Quints:  [('null', 'null', 'null', 'best', 'null'), ('null', 'null', 'null', 'summertime deck experience', 'null'), ('null', 'null', 'null', 'seattle evening weather', 'null')]
Prediction:  [O] perfect [SSEP]
Quints:  [('null', 'null', 'null', 'perfect', 'null'), ('null', 'null', 'null', 'null', 'null')]
Prediction:  [O] endless fun [SSEP] [O] awesome music [SSEP] [O] great staff
Quints:  [('null', 'null', 'null', 'endless fun', 'null'), ('null', 'null', 'null', 'awesome music', 'null'), ('null', 'null', 'null', 'great staff', 'null')]
Prediction:  [O] best
Quints:  [('null', 'null', 'null', 'best', 'null')]
Prediction:  
Quints:  [('null', 'null', 'null', 'null', 'null')]
Prediction:  [O] best
Quints:  [('null', 'null', 'null', 'best', 'null')]
Prediction:  [O] NULL
Quints:  [('null', 'null', 'null', 'NULL', 'null')]
Prediction:  [O] great [SSEP] [O] fun [SSEP] [O] worth staying for
Quints:  [('null', 'null', 'null', 'great', 'null'), ('null', 'null', 'null', 'fun', 'null'), ('null', 'null', 'null', 'worth staying for', 'null')]
Prediction:  ### Output Format


### Input Format


### Constraints


### Sample Input 0


### Sample Output 0


### Explanation


### Note


### Hint


### Reference


### Implementation
Quints:  [('null', 'null', 'null', 'null', 'null')]
Prediction:  [O] balconey [SSEP] [O] not alot of smoking places left in new york [SSEP] [O] favorite
Quints:  [('null', 'null', 'null', 'balconey', 'null'), ('null', 'null', 'null', 'not alot of smoking places left in new york', 'null'), ('null', 'null', 'null', 'favorite', 'null')]
Prediction:  The task is to identify the opinion spans in the given online customer review. The opinion span for the first quadruple is "delicious".

### Explanation:

The opinion span for the first quadruple is "delicious".

### Explanation 2:

The opinion span for the first quadruple is "delicious".

### Explanation 3:

The opinion span for the first quadruple is "delicious".

### Explanation 4:

The opinion span for the first quadruple is "delicious".

### Explanation 5:

The opinion span for the first quadruple is "delicious".

### Explanation 6:

The opinion span for the first quadruple is "delicious".

### Explanation 7:

The opinion span for the first quadruple is "delicious".

### Explanation 8:

The opinion span for the first quadruple is "delicious".

### Explanation 9:

The opinion span for the first quadruple is "delicious".

### Explanation 10:

The opinion span for the first quadruple is "delicious".

### Explanation 11:

The opinion span for the first quadruple is "delicious".

### Explanation 12:

The opinion span for the first quadruple is "delicious".

### Explanation 13:

The opinion span for the first quadruple is "delicious".

### Explanation 14:

The opinion span for the first quadruple is "delicious".

### Explanation 15:

The opinion span for the first quadruple is "delicious".

### Explanation 16:

The opinion span for the first quadruple is "delicious".

### Explanation 17:

The opinion span for the first quadruple is "delicious".

### Explanation 18:

The opinion span for the first quadruple is "delicious".

### Explan
Quints:  [('null', 'null', 'null', 'null', 'null')]
Prediction:  ### Hint:

### Note:

### Explanation:

### Follow-up:

### Testcase:

### Submission Format:

### Expected Time Complexity:

### Expected Auxiliary Space:

### Clarification:

### Sample Input:

### Sample Output:

### Explanation:

### Follow-up:

### Testcase:

### Submission Format:

### Expected Time Complexity:

### Expected Auxiliary Space:

### Clarification:

### Sample Input:

### Sample Output:

### Explanation:

### Follow-up:

### Testcase:

### Submission Format:

### Expected Time Complexity:

### Expected Auxiliary Space:

### Clarification:

### Sample Input:

### Sample Output:

### Explanation:

### Follow-up:

### Testcase:

### Submission Format:

### Expected Time Complexity:

### Expected Auxiliary Space:

### Clarification:

### Sample Input:

### Sample Output:

### Explanation:

### Follow-up:

### Testcase:

### Submission Format:

### Expected Time Complexity:

### Expected Auxiliary Space:

### Clarification:

### Sample Input:

### Sample Output:

### Explanation:

### Follow-up:

### Testcase:

### Submission Format:

### Expected Time Complexity:

### Expected Auxiliary Space:

### Clarification:

### Sample Input:

### Sample Output:

### Explanation:

### Follow-up:

### Testcase:

### Submission Format:

### Expected Time Complexity:

### Expected Auxiliary Space:

##
Quints:  [('null', 'null', 'null', 'null', 'null')]
Prediction:  [O] jellyfish [SSEP] [O] horse mackerel [SSEP] [O] blue fin tuna [SSEP] [O] sake ikura roll
Quints:  [('null', 'null', 'null', 'jellyfish', 'null'), ('null', 'null', 'null', 'horse mackerel', 'null'), ('null', 'null', 'null', 'blue fin tuna', 'null'), ('null', 'null', 'null', 'sake ikura roll', 'null')]
Prediction:  [O] smooth [SSEP] [O] nice [SSEP] [O] apps take seconds to respond
Quints:  [('null', 'null', 'null', 'smooth', 'null'), ('null', 'null', 'null', 'nice', 'null'), ('null', 'null', 'null', 'apps take seconds to respond', 'null')]
Prediction:  ### Notes:

- The aspect and category are not always explicitly stated.
- The sentiment and opinion are not always explicitly stated.
- The aspect, category, sentiment, and opinion are not always explicitly stated.
- The aspect, category, sentiment, and opinion are not always explicitly stated.
- The aspect, category, sentiment, and opinion are not always explicitly stated.
- The aspect, category, sentiment, and opinion are not always explicitly stated.
- The aspect, category, sentiment, and opinion are not always explicitly stated.
- The aspect, category, sentiment, and opinion are not always explicitly stated.
- The aspect, category, sentiment, and opinion are not always explicitly stated.
- The aspect, category, sentiment, and opinion are not always explicitly stated.
- The aspect, category, sentiment, and opinion are not always explicitly stated.
- The aspect, category, sentiment, and opinion are not always explicitly stated.
- The aspect, category, sentiment, and opinion are not always explicitly stated.
- The aspect, category, sentiment, and opinion are not always explicitly stated.
- The aspect, category, sentiment, and opinion are not always explicitly stated.
- The aspect, category, sentiment, and opinion are not always explicitly stated.
- The aspect, category, sentiment, and opinion are not always explicitly stated.
- The aspect, category, sentiment, and opinion are not always explicitly stated.
- The aspect, category, sentiment, and opinion are not always explicitly stated.
- The aspect, category, sentiment, and opinion are not always explicitly stated.
- The aspect, category, sentiment, and opinion are not always explicitly stated.
- The aspect, category, sentiment, and opinion are not always explicitly stated.
- The aspect, category, sentiment, and opinion are not always explicitly stated.
- The aspect, category, sentiment, and opinion are not always explicitly stated.
- The aspect, category, sentiment, and opinion are not always explicitly stated.
- The aspect, category, sentiment, and opinion are not always explicitly stated.
- The aspect, category, sentiment, and opinion are not always explicitly stated.
- The aspect, category, sentiment, and opinion are not always explicitly stated.
- The aspect, category, sentiment, and opinion are not always explicitly stated.
- The aspect, category, sentiment, and opinion are not always explicitly stated.
- The aspect
Quints:  [('null', 'null', 'null', 'null', 'null')]
Prediction:  [O] mixed
Quints:  [('null', 'null', 'null', 'mixed', 'null')]
Prediction:  [O] courteous [SSEP] [O] attentive
Quints:  [('null', 'null', 'null', 'courteous', 'null'), ('null', 'null', 'null', 'attentive', 'null')]
Prediction:  [O] mediocre
Quints:  [('null', 'null', 'null', 'mediocre', 'null')]
Prediction:  [O] abbreviated
Quints:  [('null', 'null', 'null', 'abbreviated', 'null')]
Prediction:  [O] mediocre [SSEP] [O] food was very mediocre [SSEP] [O] the price was very mediocre
Quints:  [('null', 'null', 'null', 'mediocre', 'null'), ('null', 'null', 'null', 'food was very mediocre', 'null'), ('null', 'null', 'null', 'the price was very mediocre', 'null')]
Prediction:  [O] null [SSEP] [O] average
Quints:  [('null', 'null', 'null', 'null', 'null'), ('null', 'null', 'null', 'average', 'null')]
Prediction:  [O] decent
Quints:  [('null', 'null', 'null', 'decent', 'null')]
Prediction:  [O] good
Quints:  [('null', 'null', 'null', 'good', 'null')]
Prediction:  [O] excellent [SSEP] [O] nice [SSEP] [O] expensive
Quints:  [('null', 'null', 'null', 'excellent', 'null'), ('null', 'null', 'null', 'nice', 'null'), ('null', 'null', 'null', 'expensive', 'null')]
Prediction:  [O] pumpkin ravioli [SSEP] [O] goat cheese gnocchi [SSEP] [O] filet mignon on top of spinach and mashed potatoes
Quints:  [('null', 'null', 'null', 'pumpkin ravioli', 'null'), ('null', 'null', 'null', 'goat cheese gnocchi', 'null'), ('null', 'null', 'null', 'filet mignon on top of spinach and mashed potatoes', 'null')]
Prediction:  [O] peaceful [SSEP] [O] relaxing
Quints:  [('null', 'null', 'null', 'peaceful', 'null'), ('null', 'null', 'null', 'relaxing', 'null')]
Prediction:  ### Hint:
- In the above example, the review is very short. The input is not necessarily a complete review.
- In the above example, the review contains multiple opinions, but only one is explicitly stated.

### Note:
- You may assume that there are no more than 1000 words in the review.
- You may assume that the review is not a complete sentence.
- You may assume that the review contains at most one NULL aspect.
- You may assume that the review contains at most one NULL opinion.
- You may assume that the review contains at most one NULL category.
- You may assume that the review contains at most one NULL sentiment.

### Examples:

### Input Format:

### Output Format:

### Sample Input:

### Sample Output:

### Explanation:

### Hint:

### Note:

### Sample Input:

### Sample Output:

### Explanation:

### Hint:

### Note:

### Sample Input:

### Sample Output:

### Explanation:

### Hint:

### Note:

### Sample Input:

### Sample Output:

### Explanation:

### Hint:

### Note:

### Sample Input:

### Sample Output:

### Explanation:

### Hint:

### Note:

### Sample Input:

### Sample Output:

### Explanation:

### Hint:

### Note:

### Sample Input:

### Sample Output:

### Explanation:

### Hint:

### Note:

### Sample Input:

### Sample Output:

### Explanation:

### Hint:

### Note:

### Sample Input:

### Sample Output:

### Explanation:

### Hint:

### Note:

### Sample Input:

### Sample Output:

### Explanation:

### H
Quints:  [('null', 'null', 'null', 'null', 'null')]
Prediction:  [O] favorite [SSEP] [O] chicken curry [SSEP] [O] chicken tikka masala
Quints:  [('null', 'null', 'null', 'favorite', 'null'), ('null', 'null', 'null', 'chicken curry', 'null'), ('null', 'null', 'null', 'chicken tikka masala', 'null')]
Prediction:  [O] chana masala ( garbanzo beans ) [SSEP] [O] are also
Quints:  [('null', 'null', 'null', 'chana masala ( garbanzo beans )', 'null'), ('null', 'null', 'null', 'are also', 'null')]
Prediction:  [O] not the greatest [SSEP] [O] food keeps me coming back for more
Quints:  [('null', 'null', 'null', 'not the greatest', 'null'), ('null', 'null', 'null', 'food keeps me coming back for more', 'null')]
Prediction:  [O] never too crowded [SSEP] [O] great service
Quints:  [('null', 'null', 'null', 'never too crowded', 'null'), ('null', 'null', 'null', 'great service', 'null')]
Prediction:  The following input is a string representing a set of ACOS quadruples. Each quadruple is comprised of 4 components:
- Aspect [A]: The span of text in the review that indicates the particular aspect that the customer is referring to. Aspects are not always explicitly stated; if this is the case, the aspect is labeled NULL.
- Category [C]: The category of the aspect, selected from predetermined list.
- Sentiment [S]: The polarity of the sentiment: positive, negative, or neutral.
- Opinion [O]: The span of text in the review that indicates the opinion that expresses the sentiment. Opinions are not always explicitly stated; if this is the case, the opinion is labeled NULL.

Given an online customer review and its corresponding ACOS (Aspect-Category-Opinion-Sentiment) quadruples, identify each opinion span. For implicit opinions (labeled NULL), identify the span of text that best expresses the sentiment implicitly.


### Input Format

The first line of input is a string representing the review. The second line is a string representing the ACOS quadruples.

### Output Format

For each ACOS quadruple, print the opinion span on a new line, separated from the other opinions by a space. For implicit opinions (labeled NULL), print the span of text that best expresses the sentiment implicitly on a new line, separated from the other opinions by a space.

### Sample Input

```
i think i have probably tried each item on their menu at least once it is all excellent
[A] menu [C] food#quality [S] positive [O] excellent
Quints:  [('The span of text in the review that indicates the particular aspect that the customer is referring to . Aspects are not always explicitly stated ; if this is the case , the aspect is labeled NULL . - Category', 'The category of the aspect, selected from predetermined list.\n- Sentiment', 'The polarity of the sentiment: positive, negative, or neutral.\n- Opinion', 'The span of text in the review that indicates the opinion that expresses the sentiment . Opinions are not always explicitly stated ; if this is the case , the opinion is labeled NULL . Given an online customer review and its corresponding ACOS ( Aspect - Category - Opinion - Sentiment ) quadruples , identify each opinion span . For implicit opinions ( labeled NULL ) , identify the span of text that best expresses the sentiment implicitly . # # # Input Format The first line of input is a string representing the review . The second line is a string representing the ACOS quadruples . # # # Output Format For each ACOS quadruple , print the opinion span on a new line , separated from the other opinions by a space . For implicit opinions ( labeled NULL ) , print the span of text that best expresses the sentiment implicitly on a new line , separated from the other opinions by a space . # # # Sample Input ` ` ` i think i have probably tried each item on their menu at least once it is all excellent [ A ] menu [ C ] food # quality [ S ] positive [ O ] excellent', 'null')]
Prediction:  [O] saag [SSEP] [O] paneer [SSEP] [O] korma
Quints:  [('null', 'null', 'null', 'saag', 'null'), ('null', 'null', 'null', 'paneer', 'null'), ('null', 'null', 'null', 'korma', 'null')]
Prediction:  [O] appreciate
Quints:  [('null', 'null', 'null', 'appreciate', 'null')]
Prediction:  [O] nice [SSEP] [O] null
Quints:  [('null', 'null', 'null', 'nice', 'null'), ('null', 'null', 'null', 'null', 'null')]
Prediction:  [O] enjoyed
Quints:  [('null', 'null', 'null', 'enjoyed', 'null')]
Prediction:  [O] yummy [SSEP] [O] lamb korma [SSEP] [O] saag paneer [SSEP] [O] samosas [SSEP] [O] naan
Quints:  [('null', 'null', 'null', 'yummy', 'null'), ('null', 'null', 'null', 'lamb korma', 'null'), ('null', 'null', 'null', 'saag paneer', 'null'), ('null', 'null', 'null', 'samosas', 'null'), ('null', 'null', 'null', 'naan', 'null')]
Prediction:  [O] good [SSEP] [O] too mild
Quints:  [('null', 'null', 'null', 'good', 'null'), ('null', 'null', 'null', 'too mild', 'null')]
Prediction:  [O] naan [SSEP] [O] bhartha [SSEP] [O] enjoyed
Quints:  [('null', 'null', 'null', 'naan', 'null'), ('null', 'null', 'null', 'bhartha', 'null'), ('null', 'null', 'null', 'enjoyed', 'null')]
Prediction:  [O] good
Quints:  [('null', 'null', 'null', 'good', 'null')]
Prediction:  [O] delicious [SSEP] [O] fajita salad [SSEP] [O] colorado [SSEP] [O] fajitas [SSEP] [O] null
Quints:  [('null', 'null', 'null', 'delicious', 'null'), ('null', 'null', 'null', 'fajita salad', 'null'), ('null', 'null', 'null', 'colorado', 'null'), ('null', 'null', 'null', 'fajitas', 'null'), ('null', 'null', 'null', 'null', 'null')]
Prediction:  ### Explanation:

### Notes:


### Hints:


### Corrections:


### Tests:


### Submissions:

### Feedback:


### Points:

### Total:
Quints:  [('null', 'null', 'null', 'null', 'null')]
Prediction:  
Quints:  [('null', 'null', 'null', 'null', 'null')]
Initializing pipeline...
Loading checkpoint shards:   0%|          | 0/2 [00:00<?, ?it/s]Loading checkpoint shards:  50%|█████     | 1/2 [00:55<00:55, 55.28s/it]Loading checkpoint shards: 100%|██████████| 2/2 [01:14<00:00, 34.31s/it]Loading checkpoint shards: 100%|██████████| 2/2 [01:14<00:00, 37.46s/it]
Loading dataset...
Processing dataset...
Processing:   0%|          | 0/100 [00:00<?, ?item/s]Processing: 100%|██████████| 100/100 [00:00<00:00, 41597.78item/s]
Running pipeline...
Total output tokens: 63686
Avg out tokens per prompt: 636.86
Prediction:  Please identify the opinion span for the review.
Quints:  [('null', 'null', 'null', 'null', 'null')]
Prediction:  Please provide the opinion span for each quadruple, as described in the instruction.
Quints:  [('null', 'null', 'null', 'null', 'null')]
Prediction:  [O] not the biggest [SSEP] [O] adequate
Quints:  [('null', 'null', 'null', 'not the biggest', 'null'), ('null', 'null', 'null', 'adequate', 'null')]
Prediction:  [O] must
Quints:  [('null', 'null', 'null', 'must', 'null')]
Prediction:  Please provide the opinion spans for the given ACOS quadruples.
Quints:  [('null', 'null', 'null', 'null', 'null')]
Prediction:  [O] accommodating [SSEP]
Quints:  [('null', 'null', 'null', 'accommodating', 'null'), ('null', 'null', 'null', 'null', 'null')]
Prediction:  Please provide the opinion spans for each ACOS quadruple.
Quints:  [('null', 'null', 'null', 'null', 'null')]
Prediction:  [O] belligerent [SSEP]
Quints:  [('null', 'null', 'null', 'belligerent', 'null'), ('null', 'null', 'null', 'null', 'null')]
Prediction:  [O] good [SSEP]
Quints:  [('null', 'null', 'null', 'good', 'null'), ('null', 'null', 'null', 'null', 'null')]
Prediction:  [O] delicious [SSEP] [O] great
Quints:  [('null', 'null', 'null', 'delicious', 'null'), ('null', 'null', 'null', 'great', 'null')]
Prediction:  [O] friendly [SSEP]
Quints:  [('null', 'null', 'null', 'friendly', 'null'), ('null', 'null', 'null', 'null', 'null')]
Prediction:  [O] great
Quints:  [('null', 'null', 'null', 'great', 'null')]
Prediction:  [O] sticky sweet [SSEP] [O] honey walnut prawns [SSEP] [O] not good
Quints:  [('null', 'null', 'null', 'sticky sweet', 'null'), ('null', 'null', 'null', 'honey walnut prawns', 'null'), ('null', 'null', 'null', 'not good', 'null')]
Prediction:  [O] nice [SSEP] [O] overrated
Quints:  [('null', 'null', 'null', 'nice', 'null'), ('null', 'null', 'null', 'overrated', 'null')]
Prediction:  [O] worst [SSEP]
Quints:  [('null', 'null', 'null', 'worst', 'null'), ('null', 'null', 'null', 'null', 'null')]
Prediction:  Please identify the opinion span for each quadruple and provide the corresponding sentiment.
Quints:  [('null', 'null', 'null', 'null', 'null')]
Prediction:  Please provide the opinion spans for the given ACOS quadruples.
Quints:  [('null', 'null', 'null', 'null', 'null')]
Prediction:  Please provide the opinion span for the review.
Quints:  [('null', 'null', 'null', 'null', 'null')]
Prediction:  [O] fabulous [SSEP]
Quints:  [('null', 'null', 'null', 'fabulous', 'null'), ('null', 'null', 'null', 'null', 'null')]
Prediction:  [O] recommend
Quints:  [('null', 'null', 'null', 'recommend', 'null')]
Prediction:  Please provide the opinion spans for the given ACOS quadruples.
Quints:  [('null', 'null', 'null', 'null', 'null')]
Prediction:  [O] wonderful [SSEP] [O] food reminds me of my recent trip to italy [SSEP] [O] NULL
Quints:  [('null', 'null', 'null', 'wonderful', 'null'), ('null', 'null', 'null', 'food reminds me of my recent trip to italy', 'null'), ('null', 'null', 'null', 'NULL', 'null')]
Prediction:  [O] love
Quints:  [('null', 'null', 'null', 'love', 'null')]
Prediction:  [O] amazing [SSEP] [O] service [SSEP] [O] ambiance [SSEP]
Quints:  [('null', 'null', 'null', 'amazing', 'null'), ('null', 'null', 'null', 'service', 'null'), ('null', 'null', 'null', 'ambiance', 'null'), ('null', 'null', 'null', 'null', 'null')]
Prediction:  Please provide the opinion spans for each quadruple.
Quints:  [('null', 'null', 'null', 'null', 'null')]
Prediction:  [O] not a bad [SSEP]
Quints:  [('null', 'null', 'null', 'not a bad', 'null'), ('null', 'null', 'null', 'null', 'null')]
Prediction:  Please identify the opinion span for the following ACOS quadruple:
[O] great [SSEP]
Quints:  [('null', 'null', 'null', 'great', 'null'), ('null', 'null', 'null', 'null', 'null')]
Prediction:  [O] reasonably priced [SSEP] [O] quality of the food [S] positive
Quints:  [('null', 'null', 'null', 'reasonably priced', 'null'), ('null', 'null', 'positive', 'quality of the food', 'null')]
Prediction:  Please provide the opinion span for the review.
Quints:  [('null', 'null', 'null', 'null', 'null')]
Prediction:  [O] high quality [SSEP] [O] good service [SSEP] [O] delivers [SSEP]
Quints:  [('null', 'null', 'null', 'high quality', 'null'), ('null', 'null', 'null', 'good service', 'null'), ('null', 'null', 'null', 'delivers', 'null'), ('null', 'null', 'null', 'null', 'null')]
Prediction:  Please identify each opinion span in the review. For the implicit opinions (labeled NULL), please identify the span of text that best expresses the sentiment implicitly.


Note: The review text is provided in the instruction, and the ACOS quadruples are provided in the example. Your response should be written in a clear and concise manner, and should appropriately address the request.
Quints:  [('null', 'null', 'null', 'null', 'null')]
Prediction:  [O] real [SSEP] [O] best
Quints:  [('null', 'null', 'null', 'real', 'null'), ('null', 'null', 'null', 'best', 'null')]
Prediction:  [O] liked [SSEP] [O] food was not worth the price [SSEP] [O] food [C] food#quality [S] negative [O] not worth [SSEP]
Quints:  [('null', 'null', 'null', 'liked', 'null'), ('null', 'null', 'null', 'food was not worth the price', 'null'), ('null', 'food#quality', 'negative [O] not worth', 'food', 'null'), ('null', 'null', 'null', 'null', 'null')]
Prediction:  [O] okay [SSEP]
Quints:  [('null', 'null', 'null', 'okay', 'null'), ('null', 'null', 'null', 'null', 'null')]
Prediction:  [O] dry [SSEP] [O] tuna wasn't so fresh [SSEP]
Quints:  [('null', 'null', 'null', 'dry', 'null'), ('null', 'null', 'null', "tuna wasn ' t so fresh", 'null'), ('null', 'null', 'null', 'null', 'null')]
Prediction:  [O] excellent [SSEP] [O] food options [SSEP]
Quints:  [('null', 'null', 'null', 'excellent', 'null'), ('null', 'null', 'null', 'food options', 'null'), ('null', 'null', 'null', 'null', 'null')]
Prediction:  [O] lacking [SSEP] [O] service is severely lacking [SSEP] [O] value is lacking
Quints:  [('null', 'null', 'null', 'lacking', 'null'), ('null', 'null', 'null', 'service is severely lacking', 'null'), ('null', 'null', 'null', 'value is lacking', 'null')]
Prediction:  [O] fresh [SSEP] [O] rolls are bland
Quints:  [('null', 'null', 'null', 'fresh', 'null'), ('null', 'null', 'null', 'rolls are bland', 'null')]
Prediction:  [O] mediocre [SSEP] [O] offensive
Quints:  [('null', 'null', 'null', 'mediocre', 'null'), ('null', 'null', 'null', 'offensive', 'null')]
Prediction:  [O] dismissive [SSEP] [O] staff members waited hand - and - foot on a pair of japanese girls [SSEP] [O] extreme
Quints:  [('null', 'null', 'null', 'dismissive', 'null'), ('null', 'null', 'null', 'staff members waited hand - and - foot on a pair of japanese girls', 'null'), ('null', 'null', 'null', 'extreme', 'null')]
Prediction:  [O] freshest [SSEP] [O] love this restaurant
Quints:  [('null', 'null', 'null', 'freshest', 'null'), ('null', 'null', 'null', 'love this restaurant', 'null')]
Prediction:  Please provide the opinion spans for each quadruple in the given review and ACOS quadruples.
Quints:  [('null', 'null', 'null', 'null', 'null')]
Prediction:  [O] freshest [SSEP] [O] tender
Quints:  [('null', 'null', 'null', 'freshest', 'null'), ('null', 'null', 'null', 'tender', 'null')]
Prediction:  [O] delicious
Quints:  [('null', 'null', 'null', 'delicious', 'null')]
Prediction:  [O] expensive [SSEP] [O] small portions [SSEP]
Quints:  [('null', 'null', 'null', 'expensive', 'null'), ('null', 'null', 'null', 'small portions', 'null'), ('null', 'null', 'null', 'null', 'null')]
Prediction:  [O] small [SSEP] [O] lovely [SSEP] [O] helpful
Quints:  [('null', 'null', 'null', 'small', 'null'), ('null', 'null', 'null', 'lovely', 'null'), ('null', 'null', 'null', 'helpful', 'null')]
Prediction:  [O] not great [SSEP] [O] rude
Quints:  [('null', 'null', 'null', 'not great', 'null'), ('null', 'null', 'null', 'rude', 'null')]
Prediction:  [O] great [SSEP]
Quints:  [('null', 'null', 'null', 'great', 'null'), ('null', 'null', 'null', 'null', 'null')]
Prediction:  [O] stellar
Quints:  [('null', 'null', 'null', 'stellar', 'null')]
Prediction:  [O] bus boy [SSEP] [O] stabilized [SSEP]
Quints:  [('null', 'null', 'null', 'bus boy', 'null'), ('null', 'null', 'null', 'stabilized', 'null'), ('null', 'null', 'null', 'null', 'null')]
Prediction:  Please identify the opinion spans in the given review and ACOS quadruples.
Quints:  [('null', 'null', 'null', 'null', 'null')]
Prediction:  [O] great [SSEP] [O] waitress too busy [SSEP] [O] busy
Quints:  [('null', 'null', 'null', 'great', 'null'), ('null', 'null', 'null', 'waitress too busy', 'null'), ('null', 'null', 'null', 'busy', 'null')]
Prediction:  [O] great
Quints:  [('null', 'null', 'null', 'great', 'null')]
Prediction:  [O] problem
Quints:  [('null', 'null', 'null', 'problem', 'null')]
Prediction:  [O] not too much dough [SSEP] [O] not too much cheese [SSEP] [O] not too much sauce
Quints:  [('null', 'null', 'null', 'not too much dough', 'null'), ('null', 'null', 'null', 'not too much cheese', 'null'), ('null', 'null', 'null', 'not too much sauce', 'null')]
Prediction:  [O] best [SSEP]
Quints:  [('null', 'null', 'null', 'best', 'null'), ('null', 'null', 'null', 'null', 'null')]
Prediction:  [O] best [SSEP]
Quints:  [('null', 'null', 'null', 'best', 'null'), ('null', 'null', 'null', 'null', 'null')]
Prediction:  [O] best [SSEP] [O] deck experience [SSEP] [O] they will bring you a blanket [SSEP]
Quints:  [('null', 'null', 'null', 'best', 'null'), ('null', 'null', 'null', 'deck experience', 'null'), ('null', 'null', 'null', 'they will bring you a blanket', 'null'), ('null', 'null', 'null', 'null', 'null')]
Prediction:  Please provide the opinion spans for the given ACOS quadruples.
Quints:  [('null', 'null', 'null', 'null', 'null')]
Prediction:  [O] awesome [SSEP] [O] great [SSEP] [O] fun
Quints:  [('null', 'null', 'null', 'awesome', 'null'), ('null', 'null', 'null', 'great', 'null'), ('null', 'null', 'null', 'fun', 'null')]
Prediction:  [O] best
Quints:  [('null', 'null', 'null', 'best', 'null')]
Prediction:  [O] great [SSEP] [O] draft and bottle selection [SSEP] [O] pizza rocks
Quints:  [('null', 'null', 'null', 'great', 'null'), ('null', 'null', 'null', 'draft and bottle selection', 'null'), ('null', 'null', 'null', 'pizza rocks', 'null')]
Prediction:  [O] best [SSEP]
Quints:  [('null', 'null', 'null', 'best', 'null'), ('null', 'null', 'null', 'null', 'null')]
Prediction:  [O] great [SSEP] [O] bartenders go that extra mile
Quints:  [('null', 'null', 'null', 'great', 'null'), ('null', 'null', 'null', 'bartenders go that extra mile', 'null')]
Prediction:  [O] great [SSEP] [O] fun [SSEP] [O] worth staying for
Quints:  [('null', 'null', 'null', 'great', 'null'), ('null', 'null', 'null', 'fun', 'null'), ('null', 'null', 'null', 'worth staying for', 'null')]
Prediction:  [O] great [SSEP]
Quints:  [('null', 'null', 'null', 'great', 'null'), ('null', 'null', 'null', 'null', 'null')]
Prediction:  [O] favorite [SSEP] [O] smoking places left in new york [SSEP] [O] balconey
Quints:  [('null', 'null', 'null', 'favorite', 'null'), ('null', 'null', 'null', 'smoking places left in new york', 'null'), ('null', 'null', 'null', 'balconey', 'null')]
Prediction:  [O] delicious
Quints:  [('null', 'null', 'null', 'delicious', 'null')]
Prediction:  [O] wide [SSEP] [O] atlantic or pacific [SSEP]
Quints:  [('null', 'null', 'null', 'wide', 'null'), ('null', 'null', 'null', 'atlantic or pacific', 'null'), ('null', 'null', 'null', 'null', 'null')]
Prediction:  [O] good [SSEP] [O] jellyfish [SSEP] [O] horse mackerel [SSEP] [O] blue fin tuna [SSEP] [O] sake ikura roll [SSEP]
Quints:  [('null', 'null', 'null', 'good', 'null'), ('null', 'null', 'null', 'jellyfish', 'null'), ('null', 'null', 'null', 'horse mackerel', 'null'), ('null', 'null', 'null', 'blue fin tuna', 'null'), ('null', 'null', 'null', 'sake ikura roll', 'null'), ('null', 'null', 'null', 'null', 'null')]
Prediction:  [O] pieces were a little bigger [SSEP]
Quints:  [('null', 'null', 'null', 'pieces were a little bigger', 'null'), ('null', 'null', 'null', 'null', 'null')]
Prediction:  [O] rustic [SSEP] [O] traditional japanese
Quints:  [('null', 'null', 'null', 'rustic', 'null'), ('null', 'null', 'null', 'traditional japanese', 'null')]
Prediction:  [O] null
Quints:  [('null', 'null', 'null', 'null', 'null')]
Prediction:  Please identify the opinion spans in the review.
Quints:  [('null', 'null', 'null', 'null', 'null')]
Prediction:  [O] mediocre [SSEP]
Quints:  [('null', 'null', 'null', 'mediocre', 'null'), ('null', 'null', 'null', 'null', 'null')]
Prediction:  [O] abbreviated [SSEP]
Quints:  [('null', 'null', 'null', 'abbreviated', 'null'), ('null', 'null', 'null', 'null', 'null')]
Prediction:  [O] mediocre [SSEP] [O] food was very mediocre [SSEP]
Quints:  [('null', 'null', 'null', 'mediocre', 'null'), ('null', 'null', 'null', 'food was very mediocre', 'null'), ('null', 'null', 'null', 'null', 'null')]
Prediction:  [O] average [SSEP] [O] one-time customer tourists [SSEP] [O] NULL
Quints:  [('null', 'null', 'null', 'average', 'null'), ('null', 'null', 'null', 'one - time customer tourists', 'null'), ('null', 'null', 'null', 'NULL', 'null')]
Prediction:  Please provide the opinion span(s) for the given review and ACOS quadruples.
Quints:  [('null', 'null', 'null', 'null', 'null')]
Prediction:  [O] good
Quints:  [('null', 'null', 'null', 'good', 'null')]
Prediction:  [O] excellent [SSEP] [O] nice [SSEP] [O] expensive
Quints:  [('null', 'null', 'null', 'excellent', 'null'), ('null', 'null', 'null', 'nice', 'null'), ('null', 'null', 'null', 'expensive', 'null')]
Prediction:  [O] pumpkin ravioli [SSEP] [O] goat cheese gnocchi [SSEP] [O] filet mignon on top of spinach and mashed potatoes
Quints:  [('null', 'null', 'null', 'pumpkin ravioli', 'null'), ('null', 'null', 'null', 'goat cheese gnocchi', 'null'), ('null', 'null', 'null', 'filet mignon on top of spinach and mashed potatoes', 'null')]
Prediction:  [O] peaceful [SSEP] [O] relaxing
Quints:  [('null', 'null', 'null', 'peaceful', 'null'), ('null', 'null', 'null', 'relaxing', 'null')]
Prediction:  Please provide the opinion span for the review.
Quints:  [('null', 'null', 'null', 'null', 'null')]
Prediction:  [O] chicken curry [SSEP] [O] chicken tikka masala [SSEP] [O] favorite meat dishes
Quints:  [('null', 'null', 'null', 'chicken curry', 'null'), ('null', 'null', 'null', 'chicken tikka masala', 'null'), ('null', 'null', 'null', 'favorite meat dishes', 'null')]
Prediction:  [O] also
Quints:  [('null', 'null', 'null', 'also', 'null')]
Prediction:  [O] not the greatest [SSEP] [O] food keeps me coming back for more
Quints:  [('null', 'null', 'null', 'not the greatest', 'null'), ('null', 'null', 'null', 'food keeps me coming back for more', 'null')]
Prediction:  [O] great [SSEP] [O] never too crowded
Quints:  [('null', 'null', 'null', 'great', 'null'), ('null', 'null', 'null', 'never too crowded', 'null')]
Prediction:  [O] menu [SSEP] [O] excellent
Quints:  [('null', 'null', 'null', 'menu', 'null'), ('null', 'null', 'null', 'excellent', 'null')]
Prediction:  [O] recommend [SSEP] [O] saag [SSEP] [O] paneer [SSEP] [O] korma
Quints:  [('null', 'null', 'null', 'recommend', 'null'), ('null', 'null', 'null', 'saag', 'null'), ('null', 'null', 'null', 'paneer', 'null'), ('null', 'null', 'null', 'korma', 'null')]
Prediction:  [O] appreciate [SSEP]
Quints:  [('null', 'null', 'null', 'appreciate', 'null'), ('null', 'null', 'null', 'null', 'null')]
Prediction:  [O] nice [SSEP] [O] no spice [SSEP] [O] food [C] food#quality [S] negative
Quints:  [('null', 'null', 'null', 'nice', 'null'), ('null', 'null', 'null', 'no spice', 'null'), ('null', 'food#quality', 'negative', 'food', 'null')]
Prediction:  [O] enjoyed
Quints:  [('null', 'null', 'null', 'enjoyed', 'null')]
Prediction:  Please provide the opinion spans for each quadruple in the review.
Quints:  [('null', 'null', 'null', 'null', 'null')]
Prediction:  Please identify the opinion spans for each ACOS quadruple, following the instructions provided.
Quints:  [('null', 'null', 'null', 'null', 'null')]
Prediction:  Please provide the opinion spans for the given review and ACOS quadruples.
Quints:  [('null', 'null', 'null', 'null', 'null')]
Prediction:  [O] good
Quints:  [('null', 'null', 'null', 'good', 'null')]
Prediction:  Please identify the opinion spans in the review, using the ACOS quadruples provided. Be sure to include both explicit and implicit opinions.
Quints:  [('null', 'null', 'null', 'null', 'null')]
Prediction:  [O] warm [SSEP] [O] cosy
Quints:  [('null', 'null', 'null', 'warm', 'null'), ('null', 'null', 'null', 'cosy', 'null')]
Prediction:  [O] private party [SSEP] [O] can't wait to celebrate my next birthday there
Quints:  [('null', 'null', 'null', 'private party', 'null'), ('null', 'null', 'null', "can ' t wait to celebrate my next birthday there", 'null')]
Initializing pipeline...
Loading checkpoint shards:   0%|          | 0/3 [00:00<?, ?it/s]Loading checkpoint shards:  33%|███▎      | 1/3 [00:50<01:41, 50.51s/it]Loading checkpoint shards:  67%|██████▋   | 2/3 [01:43<00:51, 51.96s/it]Loading checkpoint shards: 100%|██████████| 3/3 [02:17<00:00, 43.91s/it]Loading checkpoint shards: 100%|██████████| 3/3 [02:17<00:00, 45.94s/it]
Loading dataset...
Processing dataset...
Processing:   0%|          | 0/100 [00:00<?, ?item/s]Processing: 100%|██████████| 100/100 [00:00<00:00, 39957.17item/s]
slurmstepd: error: *** JOB 65584906 ON gl1521 CANCELLED AT 2023-11-26T07:46:09 DUE TO TIME LIMIT ***
